#
# There is insufficient memory for the Java Runtime Environment to continue.
# Native memory allocation (malloc) failed to allocate 2787536 bytes for Chunk::new
# Possible reasons:
#   The system is out of physical RAM or swap space
#   The process is running with CompressedOops enabled, and the Java Heap may be blocking the growth of the native heap
# Possible solutions:
#   Reduce memory load on the system
#   Increase physical memory or swap space
#   Check if swap backing store is full
#   Decrease Java heap size (-Xmx/-Xms)
#   Decrease number of Java threads
#   Decrease Java thread stack sizes (-Xss)
#   Set larger code cache with -XX:ReservedCodeCacheSize=
#   JVM is running with Unscaled Compressed Oops mode in which the Java heap is
#     placed in the first 4GB address space. The Java Heap base address is the
#     maximum limit for the native heap growth. Please use -XX:HeapBaseMinAddress
#     to set the Java Heap base and to place the Java Heap above 4GB virtual address.
# This output file may be truncated or incomplete.
#
#  Out of Memory Error (allocation.cpp:389), pid=8460, tid=0x0000000000005138
#
# JRE version: OpenJDK Runtime Environment (8.0_322-b06) (build 1.8.0_322-b06)
# Java VM: OpenJDK 64-Bit Server VM (25.322-b06 mixed mode windows-amd64 compressed oops)
# Failed to write core dump. Minidumps are not enabled by default on client versions of Windows
#

---------------  T H R E A D  ---------------

Current thread (0x000001fd9b848800):  JavaThread "C2 CompilerThread1" daemon [_thread_in_native, id=20792, stack(0x0000004545600000,0x0000004545700000)]

Stack: [0x0000004545600000,0x0000004545700000]
[error occurred during error reporting (printing stack bounds), id 0xc0000005]

Native frames: (J=compiled Java code, j=interpreted, Vv=VM code, C=native code)


Current CompileTask:
C2:  11593 4916   !   4       org.springframework.core.annotation.AnnotationsScanner::processMethodHierarchy (276 bytes)


---------------  P R O C E S S  ---------------

Java Threads: ( => current thread )
  0x000001fd9e846800 JavaThread "HikariPool-1 connection adder" daemon [_thread_blocked, id=20412, stack(0x0000004545e00000,0x0000004545f00000)]
  0x000001fd9cc58800 JavaThread "HikariPool-1 housekeeper" daemon [_thread_blocked, id=15224, stack(0x0000004545d00000,0x0000004545e00000)]
  0x000001fd9d093000 JavaThread "container-0" [_thread_blocked, id=8924, stack(0x0000004545c00000,0x0000004545d00000)]
  0x000001fd9ceda800 JavaThread "Catalina-utility-2" [_thread_blocked, id=9844, stack(0x0000004545b00000,0x0000004545c00000)]
  0x000001fd9b9cd800 JavaThread "Catalina-utility-1" [_thread_blocked, id=18988, stack(0x0000004545a00000,0x0000004545b00000)]
  0x000001fd9b863000 JavaThread "Service Thread" daemon [_thread_blocked, id=11732, stack(0x0000004545800000,0x0000004545900000)]
  0x000001fd9a7ea000 JavaThread "C1 CompilerThread2" daemon [_thread_blocked, id=8944, stack(0x0000004545700000,0x0000004545800000)]
=>0x000001fd9b848800 JavaThread "C2 CompilerThread1" daemon [_thread_in_native, id=20792, stack(0x0000004545600000,0x0000004545700000)]
  0x000001fd9a7da800 JavaThread "C2 CompilerThread0" daemon [_thread_in_native, id=17388, stack(0x0000004545500000,0x0000004545600000)]
  0x000001fd9a7d7000 JavaThread "Monitor Ctrl-Break" daemon [_thread_in_native, id=10236, stack(0x0000004545400000,0x0000004545500000)]
  0x000001fd9a739000 JavaThread "Attach Listener" daemon [_thread_blocked, id=936, stack(0x0000004545300000,0x0000004545400000)]
  0x000001fd9a738000 JavaThread "Signal Dispatcher" daemon [_thread_blocked, id=17176, stack(0x0000004545200000,0x0000004545300000)]
  0x000001fd84529000 JavaThread "Finalizer" daemon [_thread_blocked, id=12860, stack(0x0000004545100000,0x0000004545200000)]
  0x000001fd84527000 JavaThread "Reference Handler" daemon [_thread_blocked, id=7300, stack(0x0000004545000000,0x0000004545100000)]
  0x000001fd84491800 JavaThread "main" [_thread_in_native, id=15020, stack(0x0000004544a00000,0x0000004544b00000)]

Other Threads:
  0x000001fd9a6f0000 VMThread [stack: 0x0000004544f00000,0x0000004545000000] [id=21160]
  0x000001fd9b8a2000 WatcherThread [stack: 0x0000004545900000,0x0000004545a00000] [id=2028]

VM state:not at safepoint (normal execution)

VM Mutex/Monitor currently owned by a thread: None

heap address: 0x0000000082800000, size: 2008 MB, Compressed Oops mode: 32-bit
Narrow klass base: 0x0000000000000000, Narrow klass shift: 3
Compressed class space size: 1073741824 Address: 0x0000000100000000

Heap:
 PSYoungGen      total 243200K, used 57383K [0x00000000d6300000, 0x00000000e6380000, 0x0000000100000000)
  eden space 224256K, 19% used [0x00000000d6300000,0x00000000d8eb7b40,0x00000000e3e00000)
  from space 18944K, 66% used [0x00000000e3e00000,0x00000000e4a52440,0x00000000e5080000)
  to   space 16384K, 0% used [0x00000000e5080000,0x00000000e5080000,0x00000000e6080000)
 ParOldGen       total 87040K, used 28589K [0x0000000082800000, 0x0000000087d00000, 0x00000000d6300000)
  object space 87040K, 32% used [0x0000000082800000,0x00000000843eb618,0x0000000087d00000)
 Metaspace       used 62537K, capacity 66316K, committed 66560K, reserved 1105920K
  class space    used 8774K, capacity 9407K, committed 9472K, reserved 1048576K

Card table byte_map: [0x000001fd951d0000,0x000001fd955c0000] byte_map_base: 0x000001fd94dbc000

Marking Bits: (ParMarkBitMap*) 0x0000000071f77860
 Begin Bits: [0x000001fd95860000, 0x000001fd977c0000)
 End Bits:   [0x000001fd977c0000, 0x000001fd99720000)

Polling page: 0x000001fd847a0000

CodeCache: size=245760Kb used=17088Kb max_used=17088Kb free=228671Kb
 bounds [0x000001fd85e10000, 0x000001fd86ed0000, 0x000001fd94e10000]
 total_blobs=5072 nmethods=4532 adapters=451
 compilation: enabled

Compilation events (10 events):
Event: 11.578 Thread 0x000001fd9a7ea000 5011       2       org.springframework.boot.test.autoconfigure.properties.AnnotationsPropertySource::getProperty (11 bytes)
Event: 11.578 Thread 0x000001fd9a7ea000 nmethod 5011 0x000001fd86eca610 code [0x000001fd86eca780, 0x000001fd86eca910]
Event: 11.578 Thread 0x000001fd9a7ea000 5012       2       java.util.concurrent.ConcurrentHashMap$KeySetView::iterator (34 bytes)
Event: 11.578 Thread 0x000001fd9a7ea000 nmethod 5012 0x000001fd86eca990 code [0x000001fd86ecab00, 0x000001fd86ecad80]
Event: 11.578 Thread 0x000001fd9a7ea000 5013       2       java.util.concurrent.ConcurrentHashMap$KeyIterator::<init> (12 bytes)
Event: 11.578 Thread 0x000001fd9a7ea000 nmethod 5013 0x000001fd86ecaf10 code [0x000001fd86ecb080, 0x000001fd86ecb240]
Event: 11.585 Thread 0x000001fd9a7ea000 5014       1       org.springframework.core.annotation.MissingMergedAnnotation::withNonMergedAttributes (2 bytes)
Event: 11.585 Thread 0x000001fd9a7ea000 nmethod 5014 0x000001fd86ecb350 code [0x000001fd86ecb4a0, 0x000001fd86ecb5b8]
Event: 11.592 Thread 0x000001fd9a7ea000 5015       2       org.springframework.core.convert.TypeDescriptor::hashCode (8 bytes)
Event: 11.592 Thread 0x000001fd9a7ea000 nmethod 5015 0x000001fd86ecb610 code [0x000001fd86ecb780, 0x000001fd86ecb8f0]

GC Heap History (10 events):
Event: 6.017 GC heap before
{Heap before GC invocations=10 (full 2):
 PSYoungGen      total 190976K, used 11248K [0x00000000d6300000, 0x00000000e4800000, 0x0000000100000000)
  eden space 179712K, 0% used [0x00000000d6300000,0x00000000d6300000,0x00000000e1280000)
  from space 11264K, 99% used [0x00000000e2080000,0x00000000e2b7c360,0x00000000e2b80000)
  to   space 14336K, 0% used [0x00000000e1280000,0x00000000e1280000,0x00000000e2080000)
 ParOldGen       total 50688K, used 13062K [0x0000000082800000, 0x0000000085980000, 0x00000000d6300000)
  object space 50688K, 25% used [0x0000000082800000,0x00000000834c1a28,0x0000000085980000)
 Metaspace       used 33206K, capacity 35440K, committed 35496K, reserved 1079296K
  class space    used 4391K, capacity 4828K, committed 4864K, reserved 1048576K
Event: 6.089 GC heap after
Heap after GC invocations=10 (full 2):
 PSYoungGen      total 190976K, used 0K [0x00000000d6300000, 0x00000000e4800000, 0x0000000100000000)
  eden space 179712K, 0% used [0x00000000d6300000,0x00000000d6300000,0x00000000e1280000)
  from space 11264K, 0% used [0x00000000e2080000,0x00000000e2080000,0x00000000e2b80000)
  to   space 14336K, 0% used [0x00000000e1280000,0x00000000e1280000,0x00000000e2080000)
 ParOldGen       total 87040K, used 18367K [0x0000000082800000, 0x0000000087d00000, 0x00000000d6300000)
  object space 87040K, 21% used [0x0000000082800000,0x00000000839effc8,0x0000000087d00000)
 Metaspace       used 33206K, capacity 35440K, committed 35496K, reserved 1079296K
  class space    used 4391K, capacity 4828K, committed 4864K, reserved 1048576K
}
Event: 8.130 GC heap before
{Heap before GC invocations=11 (full 2):
 PSYoungGen      total 190976K, used 179712K [0x00000000d6300000, 0x00000000e4800000, 0x0000000100000000)
  eden space 179712K, 100% used [0x00000000d6300000,0x00000000e1280000,0x00000000e1280000)
  from space 11264K, 0% used [0x00000000e2080000,0x00000000e2080000,0x00000000e2b80000)
  to   space 14336K, 0% used [0x00000000e1280000,0x00000000e1280000,0x00000000e2080000)
 ParOldGen       total 87040K, used 18367K [0x0000000082800000, 0x0000000087d00000, 0x00000000d6300000)
  object space 87040K, 21% used [0x0000000082800000,0x00000000839effc8,0x0000000087d00000)
 Metaspace       used 44129K, capacity 47120K, committed 47488K, reserved 1089536K
  class space    used 5886K, capacity 6412K, committed 6528K, reserved 1048576K
Event: 8.146 GC heap after
Heap after GC invocations=11 (full 2):
 PSYoungGen      total 194048K, used 13988K [0x00000000d6300000, 0x00000000e6080000, 0x0000000100000000)
  eden space 179712K, 0% used [0x00000000d6300000,0x00000000d6300000,0x00000000e1280000)
  from space 14336K, 97% used [0x00000000e1280000,0x00000000e2029340,0x00000000e2080000)
  to   space 16384K, 0% used [0x00000000e5080000,0x00000000e5080000,0x00000000e6080000)
 ParOldGen       total 87040K, used 18375K [0x0000000082800000, 0x0000000087d00000, 0x00000000d6300000)
  object space 87040K, 21% used [0x0000000082800000,0x00000000839f1fc8,0x0000000087d00000)
 Metaspace       used 44129K, capacity 47120K, committed 47488K, reserved 1089536K
  class space    used 5886K, capacity 6412K, committed 6528K, reserved 1048576K
}
Event: 9.442 GC heap before
{Heap before GC invocations=12 (full 2):
 PSYoungGen      total 194048K, used 142213K [0x00000000d6300000, 0x00000000e6080000, 0x0000000100000000)
  eden space 179712K, 71% used [0x00000000d6300000,0x00000000de0382b0,0x00000000e1280000)
  from space 14336K, 97% used [0x00000000e1280000,0x00000000e2029340,0x00000000e2080000)
  to   space 16384K, 0% used [0x00000000e5080000,0x00000000e5080000,0x00000000e6080000)
 ParOldGen       total 87040K, used 18375K [0x0000000082800000, 0x0000000087d00000, 0x00000000d6300000)
  object space 87040K, 21% used [0x0000000082800000,0x00000000839f1fc8,0x0000000087d00000)
 Metaspace       used 55759K, capacity 58946K, committed 59136K, reserved 1099776K
  class space    used 7806K, capacity 8360K, committed 8448K, reserved 1048576K
Event: 9.456 GC heap after
Heap after GC invocations=12 (full 2):
 PSYoungGen      total 240640K, used 16362K [0x00000000d6300000, 0x00000000e6380000, 0x0000000100000000)
  eden space 224256K, 0% used [0x00000000d6300000,0x00000000d6300000,0x00000000e3e00000)
  from space 16384K, 99% used [0x00000000e5080000,0x00000000e607aab8,0x00000000e6080000)
  to   space 18944K, 0% used [0x00000000e3e00000,0x00000000e3e00000,0x00000000e5080000)
 ParOldGen       total 87040K, used 19723K [0x0000000082800000, 0x0000000087d00000, 0x00000000d6300000)
  object space 87040K, 22% used [0x0000000082800000,0x0000000083b42d80,0x0000000087d00000)
 Metaspace       used 55759K, capacity 58946K, committed 59136K, reserved 1099776K
  class space    used 7806K, capacity 8360K, committed 8448K, reserved 1048576K
}
Event: 9.456 GC heap before
{Heap before GC invocations=13 (full 3):
 PSYoungGen      total 240640K, used 16362K [0x00000000d6300000, 0x00000000e6380000, 0x0000000100000000)
  eden space 224256K, 0% used [0x00000000d6300000,0x00000000d6300000,0x00000000e3e00000)
  from space 16384K, 99% used [0x00000000e5080000,0x00000000e607aab8,0x00000000e6080000)
  to   space 18944K, 0% used [0x00000000e3e00000,0x00000000e3e00000,0x00000000e5080000)
 ParOldGen       total 87040K, used 19723K [0x0000000082800000, 0x0000000087d00000, 0x00000000d6300000)
  object space 87040K, 22% used [0x0000000082800000,0x0000000083b42d80,0x0000000087d00000)
 Metaspace       used 55759K, capacity 58946K, committed 59136K, reserved 1099776K
  class space    used 7806K, capacity 8360K, committed 8448K, reserved 1048576K
Event: 9.563 GC heap after
Heap after GC invocations=13 (full 3):
 PSYoungGen      total 240640K, used 0K [0x00000000d6300000, 0x00000000e6380000, 0x0000000100000000)
  eden space 224256K, 0% used [0x00000000d6300000,0x00000000d6300000,0x00000000e3e00000)
  from space 16384K, 0% used [0x00000000e5080000,0x00000000e5080000,0x00000000e6080000)
  to   space 18944K, 0% used [0x00000000e3e00000,0x00000000e3e00000,0x00000000e5080000)
 ParOldGen       total 87040K, used 28589K [0x0000000082800000, 0x0000000087d00000, 0x00000000d6300000)
  object space 87040K, 32% used [0x0000000082800000,0x00000000843eb618,0x0000000087d00000)
 Metaspace       used 55759K, capacity 58946K, committed 59136K, reserved 1099776K
  class space    used 7806K, capacity 8360K, committed 8448K, reserved 1048576K
}
Event: 11.278 GC heap before
{Heap before GC invocations=14 (full 3):
 PSYoungGen      total 240640K, used 224256K [0x00000000d6300000, 0x00000000e6380000, 0x0000000100000000)
  eden space 224256K, 100% used [0x00000000d6300000,0x00000000e3e00000,0x00000000e3e00000)
  from space 16384K, 0% used [0x00000000e5080000,0x00000000e5080000,0x00000000e6080000)
  to   space 18944K, 0% used [0x00000000e3e00000,0x00000000e3e00000,0x00000000e5080000)
 ParOldGen       total 87040K, used 28589K [0x0000000082800000, 0x0000000087d00000, 0x00000000d6300000)
  object space 87040K, 32% used [0x0000000082800000,0x00000000843eb618,0x0000000087d00000)
 Metaspace       used 62093K, capacity 65818K, committed 66048K, reserved 1105920K
  class space    used 8705K, capacity 9348K, committed 9472K, reserved 1048576K
Event: 11.294 GC heap after
Heap after GC invocations=14 (full 3):
 PSYoungGen      total 243200K, used 12617K [0x00000000d6300000, 0x00000000e6380000, 0x0000000100000000)
  eden space 224256K, 0% used [0x00000000d6300000,0x00000000d6300000,0x00000000e3e00000)
  from space 18944K, 66% used [0x00000000e3e00000,0x00000000e4a52440,0x00000000e5080000)
  to   space 16384K, 0% used [0x00000000e5080000,0x00000000e5080000,0x00000000e6080000)
 ParOldGen       total 87040K, used 28589K [0x0000000082800000, 0x0000000087d00000, 0x00000000d6300000)
  object space 87040K, 32% used [0x0000000082800000,0x00000000843eb618,0x0000000087d00000)
 Metaspace       used 62093K, capacity 65818K, committed 66048K, reserved 1105920K
  class space    used 8705K, capacity 9348K, committed 9472K, reserved 1048576K
}

Deoptimization events (10 events):
Event: 10.615 Thread 0x000001fd84491800 Uncommon trap: reason=unstable_if action=reinterpret pc=0x000001fd86828564 method=org.springframework.core.ResolvableType.resolveType()Lorg/springframework/core/ResolvableType; @ 37
Event: 10.618 Thread 0x000001fd84491800 Uncommon trap: reason=unstable_if action=reinterpret pc=0x000001fd86bc39e0 method=java.lang.invoke.MethodType.checkPtypes([Ljava/lang/Class;)I @ 40
Event: 10.669 Thread 0x000001fd84491800 Uncommon trap: reason=unstable_if action=reinterpret pc=0x000001fd86d67de8 method=org.springframework.core.annotation.TypeMappedAnnotations$MergedAnnotationFinder.process(Ljava/lang/Object;ILjava/lang/Object;Ljava/lang/annotation/Annotation;)Lorg/springfr
Event: 10.702 Thread 0x000001fd84491800 Uncommon trap: reason=unstable_if action=reinterpret pc=0x000001fd864226cc method=org.springframework.core.annotation.AnnotationsScanner.isWithoutHierarchy(Ljava/lang/reflect/AnnotatedElement;Lorg/springframework/core/annotation/MergedAnnotations$SearchSt
Event: 11.233 Thread 0x000001fd84491800 Uncommon trap: reason=unstable_if action=reinterpret pc=0x000001fd86de3990 method=org.springframework.core.annotation.TypeMappedAnnotations$MergedAnnotationFinder.process(Ljava/lang/Object;ILjava/lang/Object;Ljava/lang/annotation/Annotation;)Lorg/springfr
Event: 11.365 Thread 0x000001fd84491800 Uncommon trap: reason=unstable_if action=reinterpret pc=0x000001fd86e8a500 method=org.springframework.beans.factory.support.AbstractBeanFactory.isTypeMatch(Ljava/lang/String;Lorg/springframework/core/ResolvableType;Z)Z @ 581
Event: 11.510 Thread 0x000001fd84491800 Uncommon trap: reason=unstable_if action=reinterpret pc=0x000001fd86ccf56c method=org.springframework.beans.factory.support.DefaultSingletonBeanRegistry.getSingleton(Ljava/lang/String;Z)Ljava/lang/Object; @ 39
Event: 11.551 Thread 0x000001fd84491800 Uncommon trap: reason=class_check action=maybe_recompile pc=0x000001fd863aa784 method=org.springframework.boot.context.properties.source.ConfigurationPropertyName$Elements.charAt(II)C @ 43
Event: 11.551 Thread 0x000001fd84491800 Uncommon trap: reason=class_check action=maybe_recompile pc=0x000001fd863aa784 method=org.springframework.boot.context.properties.source.ConfigurationPropertyName$Elements.charAt(II)C @ 43
Event: 11.592 Thread 0x000001fd84491800 Uncommon trap: reason=null_check action=make_not_entrant pc=0x000001fd867fc458 method=org.springframework.util.ClassUtils.isAssignable(Ljava/lang/Class;Ljava/lang/Class;)Z @ 14

Classes redefined (0 events):
No events

Internal exceptions (10 events):
Event: 11.582 Thread 0x000001fd84491800 Exception <a 'java/lang/ClassNotFoundException': org/springframework/context/LifecycleCustomizer> (0x00000000d8ccbb60) thrown at [C:\wsjdk\Corretto8Src\installers\windows\zip\corretto-build\buildRoot\src\hotspot\src\share\vm\classfile\systemDictionary.cpp
Event: 11.583 Thread 0x000001fd84491800 Exception <a 'java/lang/ClassNotFoundException': org/springframework/beans/factory/BeanFactoryAwareCustomizer> (0x00000000d8cf8c40) thrown at [C:\wsjdk\Corretto8Src\installers\windows\zip\corretto-build\buildRoot\src\hotspot\src\share\vm\classfile\systemD
Event: 11.583 Thread 0x000001fd84491800 Exception <a 'java/lang/ClassNotFoundException': org/springframework/beans/factory/AwareCustomizer> (0x00000000d8d1fd30) thrown at [C:\wsjdk\Corretto8Src\installers\windows\zip\corretto-build\buildRoot\src\hotspot\src\share\vm\classfile\systemDictionary.c
Event: 11.584 Thread 0x000001fd84491800 Exception <a 'java/lang/ClassNotFoundException': java/lang/ObjectCustomizer> (0x00000000d8d37598) thrown at [C:\wsjdk\Corretto8Src\installers\windows\zip\corretto-build\buildRoot\src\hotspot\src\share\vm\classfile\systemDictionary.cpp, line 217]
Event: 11.585 Thread 0x000001fd84491800 Exception <a 'java/lang/ClassNotFoundException': org/springframework/boot/autoconfigure/dao/PersistenceExceptionTranslationAutoConfigurationCustomizer> (0x00000000d8d7a8b0) thrown at [C:\wsjdk\Corretto8Src\installers\windows\zip\corretto-build\buildRoot\s
Event: 11.586 Thread 0x000001fd84491800 Exception <a 'java/lang/ClassNotFoundException': java/lang/ObjectCustomizer> (0x00000000d8d90d08) thrown at [C:\wsjdk\Corretto8Src\installers\windows\zip\corretto-build\buildRoot\src\hotspot\src\share\vm\classfile\systemDictionary.cpp, line 217]
Event: 11.587 Thread 0x000001fd84491800 Exception <a 'java/lang/ClassNotFoundException': org/springframework/boot/autoconfigure/data/jpa/JpaRepositoriesAutoConfigurationCustomizer> (0x00000000d8dcdac0) thrown at [C:\wsjdk\Corretto8Src\installers\windows\zip\corretto-build\buildRoot\src\hotspot\
Event: 11.589 Thread 0x000001fd84491800 Exception <a 'java/lang/ClassNotFoundException': java/lang/ObjectCustomizer> (0x00000000d8de3c78) thrown at [C:\wsjdk\Corretto8Src\installers\windows\zip\corretto-build\buildRoot\src\hotspot\src\share\vm\classfile\systemDictionary.cpp, line 217]
Event: 11.590 Thread 0x000001fd84491800 Exception <a 'java/lang/ClassNotFoundException': org/springframework/data/jpa/util/JpaMetamodelCacheCleanupCustomizer> (0x00000000d8e16a20) thrown at [C:\wsjdk\Corretto8Src\installers\windows\zip\corretto-build\buildRoot\src\hotspot\src\share\vm\classfile
Event: 11.591 Thread 0x000001fd84491800 Exception <a 'java/lang/ClassNotFoundException': org/springframework/beans/factory/DisposableBeanCustomizer> (0x00000000d8e42758) thrown at [C:\wsjdk\Corretto8Src\installers\windows\zip\corretto-build\buildRoot\src\hotspot\src\share\vm\classfile\systemDic

Events (10 events):
Event: 11.590 loading class org/springframework/beans/factory/DisposableBeanCustomizer done
Event: 11.590 loading class org/springframework/beans/factory/DisposableBeanCustomizer
Event: 11.590 loading class org/springframework/beans/factory/DisposableBeanCustomizer done
Event: 11.591 loading class org/springframework/beans/factory/DisposableBeanCustomizer
Event: 11.591 loading class org/springframework/beans/factory/DisposableBeanCustomizer done
Event: 11.592 Thread 0x000001fd84491800 Uncommon trap: trap_request=0xfffffff4 fr.pc=0x000001fd867fc458
Event: 11.592 Thread 0x000001fd84491800 DEOPT PACKING pc=0x000001fd867fc458 sp=0x0000004544afbd60
Event: 11.592 Thread 0x000001fd84491800 DEOPT UNPACKING pc=0x000001fd85e55583 sp=0x0000004544afbcf8 mode 2
Event: 11.592 loading class org/springframework/data/jpa/repository/query/EscapeCharacter
Event: 11.593 loading class org/springframework/data/jpa/repository/query/EscapeCharacter done


Dynamic libraries:
0x00007ff648da0000 - 0x00007ff648dda000 	C:\Users\nikit\.jdks\corretto-1.8.0_322\bin\java.exe
0x00007fff8f700000 - 0x00007fff8f909000 	C:\WINDOWS\SYSTEM32\ntdll.dll
0x00007fff8f2e0000 - 0x00007fff8f39d000 	C:\WINDOWS\System32\KERNEL32.DLL
0x00007fff8d070000 - 0x00007fff8d3e9000 	C:\WINDOWS\System32\KERNELBASE.dll
0x00007fff8f480000 - 0x00007fff8f52e000 	C:\WINDOWS\System32\ADVAPI32.dll
0x00007fff8d5e0000 - 0x00007fff8d683000 	C:\WINDOWS\System32\msvcrt.dll
0x00007fff8dee0000 - 0x00007fff8df7e000 	C:\WINDOWS\System32\sechost.dll
0x00007fff8da10000 - 0x00007fff8db30000 	C:\WINDOWS\System32\RPCRT4.dll
0x00007fff8dcd0000 - 0x00007fff8de7c000 	C:\WINDOWS\System32\USER32.dll
0x00007fff8ced0000 - 0x00007fff8cef6000 	C:\WINDOWS\System32\win32u.dll
0x00007fff8f2b0000 - 0x00007fff8f2d9000 	C:\WINDOWS\System32\GDI32.dll
0x00007fff8cdb0000 - 0x00007fff8cec2000 	C:\WINDOWS\System32\gdi32full.dll
0x00007fff8cd10000 - 0x00007fff8cdad000 	C:\WINDOWS\System32\msvcp_win.dll
0x00007fff8cbf0000 - 0x00007fff8cd01000 	C:\WINDOWS\System32\ucrtbase.dll
0x00007fff77b00000 - 0x00007fff77da5000 	C:\WINDOWS\WinSxS\amd64_microsoft.windows.common-controls_6595b64144ccf1df_6.0.22000.120_none_9d947278b86cc467\COMCTL32.dll
0x00007fff8d5a0000 - 0x00007fff8d5d1000 	C:\WINDOWS\System32\IMM32.DLL
0x00007fff6dbb0000 - 0x00007fff6dc9f000 	C:\Users\nikit\.jdks\corretto-1.8.0_322\jre\bin\msvcr120.dll
0x00007fff7b250000 - 0x00007fff7b2f6000 	C:\Users\nikit\.jdks\corretto-1.8.0_322\jre\bin\msvcp120.dll
0x0000000071780000 - 0x0000000071ff6000 	C:\Users\nikit\.jdks\corretto-1.8.0_322\jre\bin\server\jvm.dll
0x00007fff8f6b0000 - 0x00007fff8f6b8000 	C:\WINDOWS\System32\PSAPI.DLL
0x00007fff7b570000 - 0x00007fff7b57a000 	C:\WINDOWS\SYSTEM32\VERSION.dll
0x00007fff81730000 - 0x00007fff81763000 	C:\WINDOWS\SYSTEM32\WINMM.dll
0x00007fff799c0000 - 0x00007fff799c9000 	C:\WINDOWS\SYSTEM32\WSOCK32.dll
0x00007fff8f530000 - 0x00007fff8f59f000 	C:\WINDOWS\System32\WS2_32.dll
0x00007fff857f0000 - 0x00007fff857ff000 	C:\Users\nikit\.jdks\corretto-1.8.0_322\jre\bin\verify.dll
0x00007fff856c0000 - 0x00007fff856e9000 	C:\Users\nikit\.jdks\corretto-1.8.0_322\jre\bin\java.dll
0x00007fff7b010000 - 0x00007fff7b03a000 	C:\Users\nikit\.jdks\corretto-1.8.0_322\jre\bin\instrument.dll
0x00007fff857b0000 - 0x00007fff857c6000 	C:\Users\nikit\.jdks\corretto-1.8.0_322\jre\bin\zip.dll
0x00007fff8eb00000 - 0x00007fff8f2af000 	C:\WINDOWS\System32\SHELL32.dll
0x00007fff8ad60000 - 0x00007fff8b5c8000 	C:\WINDOWS\SYSTEM32\windows.storage.dll
0x00007fff8d690000 - 0x00007fff8da08000 	C:\WINDOWS\System32\combase.dll
0x00007fff8abf0000 - 0x00007fff8ad56000 	C:\WINDOWS\SYSTEM32\wintypes.dll
0x00007fff8df80000 - 0x00007fff8e06a000 	C:\WINDOWS\System32\SHCORE.dll
0x00007fff8f650000 - 0x00007fff8f6ad000 	C:\WINDOWS\System32\shlwapi.dll
0x00007fff8cb20000 - 0x00007fff8cb41000 	C:\WINDOWS\SYSTEM32\profapi.dll
0x00007fff72cd0000 - 0x00007fff72cea000 	D:\programs_app\IntelliJ IDEA 2021.3\bin\breakgen64.dll
0x00007fff81eb0000 - 0x00007fff81eca000 	C:\Users\nikit\.jdks\corretto-1.8.0_322\jre\bin\net.dll
0x00007fff8c120000 - 0x00007fff8c187000 	C:\WINDOWS\system32\mswsock.dll
0x00007fff81880000 - 0x00007fff81892000 	C:\Users\nikit\.jdks\corretto-1.8.0_322\jre\bin\nio.dll
0x00007fff7b210000 - 0x00007fff7b21d000 	C:\Users\nikit\.jdks\corretto-1.8.0_322\jre\bin\management.dll
0x00007fff6f5c0000 - 0x00007fff6f5d7000 	C:\WINDOWS\system32\napinsp.dll
0x00007fff6f5a0000 - 0x00007fff6f5bb000 	C:\WINDOWS\system32\pnrpnsp.dll
0x00007fff8b850000 - 0x00007fff8b938000 	C:\WINDOWS\SYSTEM32\DNSAPI.dll
0x00007fff8b820000 - 0x00007fff8b84d000 	C:\WINDOWS\SYSTEM32\IPHLPAPI.DLL
0x00007fff8f3a0000 - 0x00007fff8f3a9000 	C:\WINDOWS\System32\NSI.dll
0x00007fff6f580000 - 0x00007fff6f592000 	C:\WINDOWS\System32\winrnr.dll
0x00007fff6f560000 - 0x00007fff6f575000 	C:\WINDOWS\system32\wshbth.dll
0x00007fff6f540000 - 0x00007fff6f55f000 	C:\WINDOWS\system32\nlansp_c.dll
0x00007fff7a5b0000 - 0x00007fff7a5ba000 	C:\Windows\System32\rasadhlp.dll
0x00007fff7b470000 - 0x00007fff7b4f1000 	C:\WINDOWS\System32\fwpuclnt.dll
0x00007fff8c360000 - 0x00007fff8c378000 	C:\WINDOWS\SYSTEM32\CRYPTSP.dll
0x00007fff8bc50000 - 0x00007fff8bc85000 	C:\WINDOWS\system32\rsaenh.dll
0x00007fff8c210000 - 0x00007fff8c239000 	C:\WINDOWS\SYSTEM32\USERENV.dll
0x00007fff8c550000 - 0x00007fff8c577000 	C:\WINDOWS\SYSTEM32\bcrypt.dll
0x00007fff8d520000 - 0x00007fff8d59f000 	C:\WINDOWS\System32\bcryptprimitives.dll
0x00007fff8c380000 - 0x00007fff8c38c000 	C:\WINDOWS\SYSTEM32\CRYPTBASE.dll
0x00007fff80aa0000 - 0x00007fff80ab9000 	C:\WINDOWS\SYSTEM32\dhcpcsvc6.DLL
0x00007fff80bd0000 - 0x00007fff80bee000 	C:\WINDOWS\SYSTEM32\dhcpcsvc.DLL
0x00007fff71c80000 - 0x00007fff71ca3000 	C:\Users\nikit\.jdks\corretto-1.8.0_322\jre\bin\sunec.dll
0x00007fff7b1e0000 - 0x00007fff7b1ec000 	C:\Users\nikit\.jdks\corretto-1.8.0_322\jre\bin\sunmscapi.dll
0x00007fff8cf00000 - 0x00007fff8d062000 	C:\WINDOWS\System32\CRYPT32.dll
0x00007fff8c520000 - 0x00007fff8c548000 	C:\WINDOWS\SYSTEM32\ncrypt.dll
0x00007fff8c4e0000 - 0x00007fff8c517000 	C:\WINDOWS\SYSTEM32\NTASN1.dll

VM Arguments:
jvm_args: -ea -Didea.test.cyclic.buffer.size=1048576 -javaagent:D:\programs_app\IntelliJ IDEA 2021.3\lib\idea_rt.jar=55080:D:\programs_app\IntelliJ IDEA 2021.3\bin -Dfile.encoding=UTF-8 
java_command: com.intellij.rt.junit.JUnitStarter -ideVersion5 -junit5 whitesoftapp.whitesoftapp.controller.EmployeeControllerTest,getById
java_class_path (initial): C:\Users\nikit\.m2\repository\org\junit\platform\junit-platform-launcher\1.8.2\junit-platform-launcher-1.8.2.jar;D:\programs_app\IntelliJ IDEA 2021.3\lib\idea_rt.jar;D:\programs_app\IntelliJ IDEA 2021.3\plugins\junit\lib\junit5-rt.jar;D:\programs_app\IntelliJ IDEA 2021.3\plugins\junit\lib\junit-rt.jar;C:\Users\nikit\.jdks\corretto-1.8.0_322\jre\lib\charsets.jar;C:\Users\nikit\.jdks\corretto-1.8.0_322\jre\lib\ext\access-bridge-64.jar;C:\Users\nikit\.jdks\corretto-1.8.0_322\jre\lib\ext\cldrdata.jar;C:\Users\nikit\.jdks\corretto-1.8.0_322\jre\lib\ext\dnsns.jar;C:\Users\nikit\.jdks\corretto-1.8.0_322\jre\lib\ext\jaccess.jar;C:\Users\nikit\.jdks\corretto-1.8.0_322\jre\lib\ext\jfxrt.jar;C:\Users\nikit\.jdks\corretto-1.8.0_322\jre\lib\ext\localedata.jar;C:\Users\nikit\.jdks\corretto-1.8.0_322\jre\lib\ext\nashorn.jar;C:\Users\nikit\.jdks\corretto-1.8.0_322\jre\lib\ext\sunec.jar;C:\Users\nikit\.jdks\corretto-1.8.0_322\jre\lib\ext\sunjce_provider.jar;C:\Users\nikit\.jdks\corretto-1.8.0_322\jre\lib\ext\sunmscapi.jar;C:\Users\nikit\.jdks\corretto-1.8.0_322\jre\lib\ext\sunpkcs11.jar;C:\Users\nikit\.jdks\corretto-1.8.0_322\jre\lib\ext\zipfs.jar;C:\Users\nikit\.jdks\corretto-1.8.0_322\jre\lib\jce.jar;C:\Users\nikit\.jdks\corretto-1.8.0_322\jre\lib\jfr.jar;C:\Users\nikit\.jdks\corretto-1.8.0_322\jre\lib\jfxswt.jar;C:\Users\nikit\.jdks\corretto-1.8.0_322\jre\lib\jsse.jar;C:\Users\nikit\.jdks\corretto-1.8.0_322\jre\lib\management-agent.jar;C:\Users\nikit\.jdks\corretto-1.8.0_322\jre\lib\resources.jar;C:\Users\nikit\.jdks\corretto-1.8.0_322\jre\lib\rt.jar;C:\Users\nikit\Desktop\java\Backend\Neket27-WSbackend\target\test-classes;C:\Users\nikit\Desktop\java\Backend\Neket27-WSbackend\target\classes;C:\Users\nikit\.m2\repository\org\springframework\boot\spring-boot-starter-data-jpa\2.7.0\spring-boot-starter-data-jpa-2.7.0.jar;C:\Users\nikit\.m2\repository\org\springframework\boot\spring-boot-starter-aop\2.7.0\spring-boot-starter-aop-2.7.0.jar;C:\Users\nikit\.m
Launcher Type: SUN_STANDARD

Environment Variables:
PATH=C:\Users\nikit\.jdks\corretto-1.8.0_322\bin;C:\WINDOWS\system32;C:\WINDOWS;C:\WINDOWS\System32\Wbem;C:\WINDOWS\System32\WindowsPowerShell\v1.0\;C:\WINDOWS\System32\OpenSSH\;C:\Program Files\Git\cmd;C:\Program Files\nodejs\;C:\Users\nikit\.jdks\corretto-1.8.0_322\bin;C:\Users\nikit\AppData\Local\Programs\Python\Python310\Scripts\;C:\Users\nikit\AppData\Local\Programs\Python\Python310\;C:\Users\nikit\AppData\Local\Microsoft\WindowsApps;D:\ןנמדנאלל\PyCharm 2021.3\bin;;D:\programs_app\CLion 2021.3.4\bin;;C:\Users\nikit\AppData\Roaming\npm
USERNAME=nikit
OS=Windows_NT
PROCESSOR_IDENTIFIER=Intel64 Family 6 Model 142 Stepping 12, GenuineIntel



---------------  S Y S T E M  ---------------

OS: Windows 10.0 , 64 bit Build 22000 (10.0.22000.675)

CPU:total 4 (initial active 4) (2 cores per cpu, 2 threads per core) family 6 model 142 stepping 12, cmov, cx8, fxsr, mmx, sse, sse2, sse3, ssse3, sse4.1, sse4.2, popcnt, avx, avx2, aes, clmul, erms, 3dnowpref, lzcnt, ht, tsc, tscinvbit, bmi1, bmi2, adx

Memory: 4k page, physical 8218416k(139788k free), swap 21700396k(6128k free)

vm_info: OpenJDK 64-Bit Server VM (25.322-b06) for windows-amd64 JRE (1.8.0_322-b06), built on Jan 13 2022 23:37:51 by "Administrator" with MS VC++ 12.0 (VS2013)

time: Tue Jun 14 14:08:36 2022
timezone: RTZ 9 (ceia)
elapsed time: 11.600076 seconds (0d 0h 0m 11s)

